<?xml version="1.0" encoding="UTF-8"?>
<testng-results ignored="0" total="1" passed="1" failed="0" skipped="0">
  <reporter-output>
  </reporter-output>
  <suite started-at="2025-04-14T21:20:28 IST" name="Surefire suite" finished-at="2025-04-14T21:20:42 IST" duration-ms="13478">
    <groups>
    </groups>
    <test started-at="2025-04-14T21:20:28 IST" name="Surefire test" finished-at="2025-04-14T21:20:42 IST" duration-ms="13478">
      <class name="ample.AmazonTest">
        <test-method signature="AmazonTest()[pri:0, instance:ample.AmazonTest@5f9b2141]" started-at="2025-04-14T21:20:28 IST" name="AmazonTest" finished-at="2025-04-14T21:20:42 IST" duration-ms="13402" status="PASS">
          <reporter-output>
          </reporter-output>
        </test-method> <!-- AmazonTest -->
      </class> <!-- ample.AmazonTest -->
    </test> <!-- Surefire test -->
  </suite> <!-- Surefire suite -->
</testng-results>
